#-----------------------------------------------------------
# Vivado v2016.2 (64-bit)
# SW Build 1577090 on Thu Jun  2 16:32:40 MDT 2016
# IP Build 1577682 on Fri Jun  3 12:00:54 MDT 2016
# Start of session at: Thu May 09 00:41:02 2019
# Process ID: 1580
# Current directory: D:/ENEL373/Lab_A01_group_3
# Command line: vivado.exe -gui_launcher_event rodinguilauncherevent11484 D:\ENEL373\Lab_A01_group_3\TheALUProject.xpr
# Log file: D:/ENEL373/Lab_A01_group_3/vivado.log
# Journal file: D:/ENEL373/Lab_A01_group_3\vivado.jou
#-----------------------------------------------------------
start_gui
open_project D:/ENEL373/Lab_A01_group_3/TheALUProject.xpr
CRITICAL WARNING: [Project 1-19] Could not find the file 'D:/Steves_clock_divider.vhd'.
Scanning sources...
Finished scanning sources
WARNING: [filemgmt 56-3] IPUserFilesDir: Could not find the directory 'D:/ENEL373/Lab_A01_group_3/TheALUProject.ip_user_files'.
INFO: [IP_Flow 19-234] Refreshing IP repositories
INFO: [IP_Flow 19-1704] No user IP repositories specified
INFO: [IP_Flow 19-2313] Loaded Vivado IP repository 'D:/Vivado/2016.2/data/ip'.
open_project: Time (s): cpu = 00:00:18 ; elapsed = 00:00:13 . Memory (MB): peak = 796.656 ; gain = 159.473
update_compile_order -fileset sources_1
update_compile_order -fileset sim_1
exit
INFO: [Common 17-206] Exiting Vivado at Thu May 09 00:42:00 2019...
'D:/Vivado/2016.2/data/ip'.
open_project: Time (s): cpu = 00:00:17 ; elapsed = 00:00:14 . Memory (MB): peak = 764.914 ; gain = 140.039
update_compile_order -fileset sources_1
update_compile_order -fileset sim_1
remove_files D:/Steves_clock_divider.vhd
exit
INFO: [Common 17-206] Exiting Vivado at Thu May 09 00:41:54 2019...
